0 info it worked if it ends with ok
1 verbose cli [ 'node', '/usr/local/bin/npm', 'install', '--global', 'gulp-cli' ]
2 info using npm@2.11.3
3 info using node@v0.12.7
4 verbose install initial load of /usr/local/lib/package.json
5 verbose readDependencies loading dependencies from /usr/local/lib/package.json
6 silly cache add args [ 'gulp-cli', null ]
7 verbose cache add spec gulp-cli
8 silly cache add parsed spec { raw: 'gulp-cli',
8 silly cache add   scope: null,
8 silly cache add   name: 'gulp-cli',
8 silly cache add   rawSpec: '',
8 silly cache add   spec: '*',
8 silly cache add   type: 'range' }
9 silly addNamed gulp-cli@*
10 verbose addNamed "*" is a valid semver range for gulp-cli
11 silly addNameRange { name: 'gulp-cli', range: '*', hasData: false }
12 silly mapToRegistry name gulp-cli
13 silly mapToRegistry using default registry
14 silly mapToRegistry registry https://registry.npmjs.org/
15 silly mapToRegistry uri https://registry.npmjs.org/gulp-cli
16 verbose addNameRange registry:https://registry.npmjs.org/gulp-cli not in flight; fetching
17 verbose request uri https://registry.npmjs.org/gulp-cli
18 verbose request no auth needed
19 info attempt registry request try #1 at 2:23:41 AM
20 verbose request id f6e201fc9c43ff5e
21 http request GET https://registry.npmjs.org/gulp-cli
22 http 200 https://registry.npmjs.org/gulp-cli
23 silly get cb [ 200,
23 silly get   { server: 'CouchDB/1.5.0 (Erlang OTP/R16B03)',
23 silly get     etag: '"M6I51JB13RV7QPR61S9YP9BB"',
23 silly get     'content-type': 'application/json',
23 silly get     'content-encoding': 'gzip',
23 silly get     'cache-control': 'max-age=300',
23 silly get     'content-length': '5509',
23 silly get     'accept-ranges': 'bytes',
23 silly get     date: 'Fri, 06 May 2016 06:23:40 GMT',
23 silly get     via: '1.1 varnish',
23 silly get     age: '0',
23 silly get     connection: 'keep-alive',
23 silly get     'x-served-by': 'cache-dfw1848-DFW',
23 silly get     'x-cache': 'HIT',
23 silly get     'x-cache-hits': '1',
23 silly get     'x-timer': 'S1462515820.252476,VS0,VE183',
23 silly get     vary: 'Accept-Encoding' } ]
24 verbose get saving gulp-cli to /Users/home/.npm/registry.npmjs.org/gulp-cli/.cache.json
25 silly addNameRange number 2 { name: 'gulp-cli', range: '*', hasData: true }
26 silly addNameRange versions [ 'gulp-cli',
26 silly addNameRange   [ '0.1.0',
26 silly addNameRange     '0.1.3',
26 silly addNameRange     '0.1.4',
26 silly addNameRange     '0.1.5',
26 silly addNameRange     '0.2.0',
26 silly addNameRange     '0.3.0',
26 silly addNameRange     '1.0.0',
26 silly addNameRange     '1.1.0',
26 silly addNameRange     '1.1.1',
26 silly addNameRange     '1.2.0',
26 silly addNameRange     '1.2.1' ] ]
27 silly addNamed gulp-cli@1.2.1
28 verbose addNamed "1.2.1" is a plain semver version for gulp-cli
29 silly mapToRegistry name gulp-cli
30 silly mapToRegistry using default registry
31 silly mapToRegistry registry https://registry.npmjs.org/
32 silly mapToRegistry uri https://registry.npmjs.org/gulp-cli
33 verbose addRemoteTarball https://registry.npmjs.org/gulp-cli/-/gulp-cli-1.2.1.tgz not in flight; adding
34 verbose addRemoteTarball [ 'https://registry.npmjs.org/gulp-cli/-/gulp-cli-1.2.1.tgz',
34 verbose addRemoteTarball   '9fd52c50e44fe8eb04a54b3cee23d4a021e3fd3d' ]
35 info retry fetch attempt 1 at 2:23:42 AM
36 info attempt registry request try #1 at 2:23:42 AM
37 http fetch GET https://registry.npmjs.org/gulp-cli/-/gulp-cli-1.2.1.tgz
38 http fetch 200 https://registry.npmjs.org/gulp-cli/-/gulp-cli-1.2.1.tgz
39 silly fetchAndShaCheck shasum 9fd52c50e44fe8eb04a54b3cee23d4a021e3fd3d
40 verbose addTmpTarball /var/folders/j3/gt_q6y096cjfts4q8zq2dm2c0000gn/T/npm-17762-469912e2/registry.npmjs.org/gulp-cli/-/gulp-cli-1.2.1.tgz not in flight; adding
41 verbose addTmpTarball already have metadata; skipping unpack for gulp-cli@1.2.1
42 silly cache afterAdd gulp-cli@1.2.1
43 verbose afterAdd /Users/home/.npm/gulp-cli/1.2.1/package/package.json not in flight; writing
44 verbose afterAdd /Users/home/.npm/gulp-cli/1.2.1/package/package.json written
45 silly install resolved [ { name: 'gulp-cli',
45 silly install resolved     version: '1.2.1',
45 silly install resolved     description: 'Command line interface for gulp',
45 silly install resolved     author:
45 silly install resolved      { name: 'Gulp Team',
45 silly install resolved        email: 'team@gulpjs.com',
45 silly install resolved        url: 'http://gulpjs.com/' },
45 silly install resolved     contributors: [],
45 silly install resolved     homepage: 'http://gulpjs.com',
45 silly install resolved     repository:
45 silly install resolved      { type: 'git',
45 silly install resolved        url: 'git+https://github.com/gulpjs/gulp-cli.git' },
45 silly install resolved     license: 'MIT',
45 silly install resolved     man: [ 'gulp.1' ],
45 silly install resolved     engines: { node: '>= 0.10' },
45 silly install resolved     main: 'index.js',
45 silly install resolved     bin: { gulp: 'bin/gulp.js' },
45 silly install resolved     files: [ 'index.js', 'lib', 'bin', 'completion', 'gulp.1' ],
45 silly install resolved     scripts:
45 silly install resolved      { coveralls: 'lab -r lcov | coveralls',
45 silly install resolved        lint: 'eslint . && jscs index.js bin/ lib/ test/',
45 silly install resolved        prepublish: 'marked-man --name gulp docs/CLI.md > gulp.1',
45 silly install resolved        pretest: 'npm run lint',
45 silly install resolved        test: 'lab test/*.js -cv' },
45 silly install resolved     dependencies:
45 silly install resolved      { archy: '^1.0.0',
45 silly install resolved        chalk: '^1.1.0',
45 silly install resolved        'fancy-log': '^1.1.0',
45 silly install resolved        gulplog: '^1.0.0',
45 silly install resolved        interpret: '^1.0.0',
45 silly install resolved        liftoff: '^2.1.0',
45 silly install resolved        'lodash.sortby': '^4.0.1',
45 silly install resolved        matchdep: '^1.0.0',
45 silly install resolved        'mute-stdout': '^1.0.0',
45 silly install resolved        'pretty-hrtime': '^1.0.0',
45 silly install resolved        'semver-greatest-satisfied-range': '^1.0.0',
45 silly install resolved        tildify: '^1.0.0',
45 silly install resolved        v8flags: '^2.0.9',
45 silly install resolved        wreck: '^6.3.0',
45 silly install resolved        yargs: '^3.28.0' },
45 silly install resolved     devDependencies:
45 silly install resolved      { 'babel-preset-es2015': '^6.5.0',
45 silly install resolved        'babel-register': '^6.5.1',
45 silly install resolved        code: '^1.2.1',
45 silly install resolved        coveralls: '^2.7.0',
45 silly install resolved        eslint: '^1.7.3',
45 silly install resolved        'eslint-config-gulp': '^2.0.0',
45 silly install resolved        'fs-extra': '^0.26.1',
45 silly install resolved        gulp: 'github:gulpjs/gulp#4.0',
45 silly install resolved        jscs: '^2.3.5',
45 silly install resolved        'jscs-preset-gulp': '^1.0.0',
45 silly install resolved        lab: '^6.2.0',
45 silly install resolved        'marked-man': '^0.1.3' },
45 silly install resolved     keywords: [ 'build', 'stream', 'system', 'make', 'tool', 'asset', 'pipeline' ],
45 silly install resolved     gitHead: 'fef30d8de1dc32437fe796c7c07e94e58abd71bb',
45 silly install resolved     bugs: { url: 'https://github.com/gulpjs/gulp-cli/issues' },
45 silly install resolved     _id: 'gulp-cli@1.2.1',
45 silly install resolved     _shasum: '9fd52c50e44fe8eb04a54b3cee23d4a021e3fd3d',
45 silly install resolved     _from: 'gulp-cli@*',
45 silly install resolved     _npmVersion: '2.14.14',
45 silly install resolved     _nodeVersion: '0.10.41',
45 silly install resolved     _npmUser: { name: 'phated', email: 'blaine@iceddev.com' },
45 silly install resolved     maintainers: [ [Object], [Object] ],
45 silly install resolved     dist:
45 silly install resolved      { shasum: '9fd52c50e44fe8eb04a54b3cee23d4a021e3fd3d',
45 silly install resolved        tarball: 'https://registry.npmjs.org/gulp-cli/-/gulp-cli-1.2.1.tgz' },
45 silly install resolved     _npmOperationalInternal:
45 silly install resolved      { host: 'packages-6-west.internal.npmjs.com',
45 silly install resolved        tmp: 'tmp/gulp-cli-1.2.1.tgz_1455051669450_0.3080240413546562' },
45 silly install resolved     directories: {},
45 silly install resolved     _resolved: 'https://registry.npmjs.org/gulp-cli/-/gulp-cli-1.2.1.tgz' } ]
46 info install gulp-cli@1.2.1 into /usr/local/lib
47 info installOne gulp-cli@1.2.1
48 verbose installOne of gulp-cli to /usr/local/lib not in flight; installing
49 verbose lock using /Users/home/.npm/_locks/gulp-cli-9387f74fd11e9bcf.lock for /usr/local/lib/node_modules/gulp-cli
50 silly install write writing gulp-cli 1.2.1 to /usr/local/lib/node_modules/gulp-cli
51 verbose unbuild lib/node_modules/gulp-cli
52 silly gentlyRm /usr/local/lib/node_modules/gulp-cli is being purged from base /usr/local
53 verbose gentlyRm don't care about contents; nuking /usr/local/lib/node_modules/gulp-cli
54 verbose tar unpack /Users/home/.npm/gulp-cli/1.2.1/package.tgz
55 verbose tar unpacking to /usr/local/lib/node_modules/gulp-cli
56 silly gentlyRm /usr/local/lib/node_modules/gulp-cli is being purged
57 verbose gentlyRm don't care about contents; nuking /usr/local/lib/node_modules/gulp-cli
58 silly gunzTarPerm modes [ '755', '644' ]
59 error tar.unpack untar error /Users/home/.npm/gulp-cli/1.2.1/package.tgz
60 verbose unlock done using /Users/home/.npm/_locks/gulp-cli-9387f74fd11e9bcf.lock for /usr/local/lib/node_modules/gulp-cli
61 verbose fstream_path /usr/local/lib/node_modules/gulp-cli
62 verbose fstream_type Directory
63 verbose fstream_class DirWriter
64 verbose stack Error: EACCES, mkdir '/usr/local/lib/node_modules/gulp-cli'
64 verbose stack     at Error (native)
65 verbose fstream_stack /usr/local/lib/node_modules/npm/node_modules/fstream/lib/dir-writer.js:35:25
65 verbose fstream_stack /usr/local/lib/node_modules/npm/node_modules/mkdirp/index.js:47:53
65 verbose fstream_stack FSReqWrap.oncomplete (fs.js:95:15)
66 verbose cwd /Users/home/GitHub/documentation
67 error Darwin 13.3.0
68 error argv "node" "/usr/local/bin/npm" "install" "--global" "gulp-cli"
69 error node v0.12.7
70 error npm  v2.11.3
71 error path /usr/local/lib/node_modules/gulp-cli
72 error code EACCES
73 error errno -13
74 error Error: EACCES, mkdir '/usr/local/lib/node_modules/gulp-cli'
74 error     at Error (native)
74 error  { [Error: EACCES, mkdir '/usr/local/lib/node_modules/gulp-cli']
74 error   errno: -13,
74 error   code: 'EACCES',
74 error   path: '/usr/local/lib/node_modules/gulp-cli',
74 error   fstream_type: 'Directory',
74 error   fstream_path: '/usr/local/lib/node_modules/gulp-cli',
74 error   fstream_class: 'DirWriter',
74 error   fstream_stack:
74 error    [ '/usr/local/lib/node_modules/npm/node_modules/fstream/lib/dir-writer.js:35:25',
74 error      '/usr/local/lib/node_modules/npm/node_modules/mkdirp/index.js:47:53',
74 error      'FSReqWrap.oncomplete (fs.js:95:15)' ] }
75 error Please try running this command again as root/Administrator.
76 verbose exit [ -13, true ]
77 verbose unbuild lib/node_modules/gulp-cli
78 silly gentlyRm /usr/local/lib/node_modules/gulp-cli is being purged from base /usr/local
79 verbose gentlyRm don't care about contents; nuking /usr/local/lib/node_modules/gulp-cli
